c:\users\adr\dev\minilockcpp\ucryptlib\ucryptlib\ucryptlib\debug\vc120.pdb
c:\users\adr\dev\minilockcpp\ucryptlib\ucryptlib\ucryptlib\debug\vc120.idb
c:\users\adr\dev\minilockcpp\ucryptlib\ucryptlib\ucryptlib\debug\blake2b.obj
c:\users\adr\dev\minilockcpp\ucryptlib\ucryptlib\ucryptlib\debug\blake2bp.obj
c:\users\adr\dev\minilockcpp\ucryptlib\ucryptlib\ucryptlib\debug\blake2s.obj
c:\users\adr\dev\minilockcpp\ucryptlib\ucryptlib\ucryptlib\debug\blake2sp.obj
c:\users\adr\dev\minilockcpp\ucryptlib\ucryptlib\ucryptlib\debug\crypto_scrypt-sse.obj
c:\users\adr\dev\minilockcpp\ucryptlib\ucryptlib\ucryptlib\debug\mman.obj
c:\users\adr\dev\minilockcpp\ucryptlib\ucryptlib\ucryptlib\debug\sha256.obj
c:\users\adr\dev\minilockcpp\ucryptlib\ucryptlib\ucryptlib\debug\ucryptlib.obj
c:\users\adr\dev\minilockcpp\ucryptlib\debug\ucryptlib.ilk
c:\users\adr\dev\minilockcpp\ucryptlib\debug\ucryptlib.dll
c:\users\adr\dev\minilockcpp\ucryptlib\debug\ucryptlib.pdb
c:\users\adr\dev\minilockcpp\ucryptlib\debug\ucryptlib.lib
c:\users\adr\dev\minilockcpp\ucryptlib\debug\ucryptlib.exp
c:\users\adr\dev\minilockcpp\ucryptlib\ucryptlib\ucryptlib\debug\ucryptlib.tlog\cl.command.1.tlog
c:\users\adr\dev\minilockcpp\ucryptlib\ucryptlib\ucryptlib\debug\ucryptlib.tlog\cl.read.1.tlog
c:\users\adr\dev\minilockcpp\ucryptlib\ucryptlib\ucryptlib\debug\ucryptlib.tlog\cl.write.1.tlog
c:\users\adr\dev\minilockcpp\ucryptlib\ucryptlib\ucryptlib\debug\ucryptlib.tlog\link.command.1.tlog
c:\users\adr\dev\minilockcpp\ucryptlib\ucryptlib\ucryptlib\debug\ucryptlib.tlog\link.read.1.tlog
c:\users\adr\dev\minilockcpp\ucryptlib\ucryptlib\ucryptlib\debug\ucryptlib.tlog\link.write.1.tlog
c:\users\adr\dev\minilockcpp\ucryptlib\ucryptlib\ucryptlib\debug\ucryptlib.tlog\ucryptlib.write.1u.tlog
