c:\users\adr\dev\minilockcpp\ucryptlib\ucryptlib\ucryptlib\release\vc120.pdb
c:\users\adr\dev\minilockcpp\ucryptlib\ucryptlib\ucryptlib\release\ucryptlib.obj
c:\users\adr\dev\minilockcpp\ucryptlib\ucryptlib\ucryptlib\release\sha256.obj
c:\users\adr\dev\minilockcpp\ucryptlib\ucryptlib\ucryptlib\release\mman.obj
c:\users\adr\dev\minilockcpp\ucryptlib\ucryptlib\ucryptlib\release\crypto_scrypt-sse.obj
c:\users\adr\dev\minilockcpp\ucryptlib\ucryptlib\ucryptlib\release\blake2sp.obj
c:\users\adr\dev\minilockcpp\ucryptlib\ucryptlib\ucryptlib\release\blake2s.obj
c:\users\adr\dev\minilockcpp\ucryptlib\ucryptlib\ucryptlib\release\blake2bp.obj
c:\users\adr\dev\minilockcpp\ucryptlib\ucryptlib\ucryptlib\release\blake2b.obj
c:\users\adr\dev\minilockcpp\ucryptlib\release\ucryptlib.dll
c:\users\adr\dev\minilockcpp\ucryptlib\release\ucryptlib.pdb
c:\users\adr\dev\minilockcpp\ucryptlib\release\ucryptlib.lib
c:\users\adr\dev\minilockcpp\ucryptlib\release\ucryptlib.exp
c:\users\adr\dev\minilockcpp\ucryptlib\ucryptlib\ucryptlib\release\ucryptlib.tlog\cl.command.1.tlog
c:\users\adr\dev\minilockcpp\ucryptlib\ucryptlib\ucryptlib\release\ucryptlib.tlog\cl.read.1.tlog
c:\users\adr\dev\minilockcpp\ucryptlib\ucryptlib\ucryptlib\release\ucryptlib.tlog\cl.write.1.tlog
c:\users\adr\dev\minilockcpp\ucryptlib\ucryptlib\ucryptlib\release\ucryptlib.tlog\link.command.1.tlog
c:\users\adr\dev\minilockcpp\ucryptlib\ucryptlib\ucryptlib\release\ucryptlib.tlog\link.read.1.tlog
c:\users\adr\dev\minilockcpp\ucryptlib\ucryptlib\ucryptlib\release\ucryptlib.tlog\link.write.1.tlog
c:\users\adr\dev\minilockcpp\ucryptlib\ucryptlib\ucryptlib\release\ucryptlib.tlog\ucryptlib.write.1u.tlog
