c:\users\adr\dev\minilockcpp\qtapp\qtapp\debug\vc120.pdb
c:\users\adr\dev\minilockcpp\qtapp\qtapp\debug\qtapp.obj
c:\users\adr\dev\minilockcpp\qtapp\qtapp\debug\main.obj
c:\users\adr\dev\minilockcpp\qtapp\qtapp\debug\moc_qtapp.obj
c:\users\adr\dev\minilockcpp\qtapp\qtapp\debug\qrc_qtapp.obj
c:\users\adr\dev\minilockcpp\qtapp\qtapp\generatedfiles\debug\moc_qtapp.cpp
c:\users\adr\dev\minilockcpp\qtapp\qtapp\generatedfiles\ui_qtapp.h
c:\users\adr\dev\minilockcpp\qtapp\qtapp\generatedfiles\qrc_qtapp.cpp
c:\users\adr\dev\minilockcpp\qtapp\win32\debug\qtapp.ilk
c:\users\adr\dev\minilockcpp\qtapp\win32\debug\qtapp.exe
c:\users\adr\dev\minilockcpp\qtapp\win32\debug\qtapp.pdb
e:\benutzer\manuel\onedrive\programmieren\qt\qtapp\qtapp\debug\main.obj
e:\benutzer\manuel\onedrive\programmieren\qt\qtapp\qtapp\debug\moc_qtapp.obj
e:\benutzer\manuel\onedrive\programmieren\qt\qtapp\qtapp\debug\qrc_qtapp.obj
e:\benutzer\manuel\onedrive\programmieren\qt\qtapp\qtapp\debug\qtapp.obj
e:\benutzer\manuel\onedrive\programmieren\qt\qtapp\qtapp\debug\vc120.pdb
e:\benutzer\manuel\onedrive\programmieren\qt\qtapp\win32\debug\qtapp.pdb
e:\benutzer\manuel\onedrive\programmieren\qt\qtapp\win32\debug\qtapp.exe
e:\benutzer\manuel\onedrive\programmieren\qt\qtapp\win32\debug\qtapp.ilk
e:\benutzer\manuel\onedrive\programmieren\qt\qtapp\qtapp\debug\qtapp.tlog\cl.command.1.tlog
e:\benutzer\manuel\onedrive\programmieren\qt\qtapp\qtapp\debug\qtapp.tlog\cl.read.1.tlog
e:\benutzer\manuel\onedrive\programmieren\qt\qtapp\qtapp\debug\qtapp.tlog\cl.write.1.tlog
e:\benutzer\manuel\onedrive\programmieren\qt\qtapp\qtapp\debug\qtapp.tlog\custombuild.command.1.tlog
e:\benutzer\manuel\onedrive\programmieren\qt\qtapp\qtapp\debug\qtapp.tlog\custombuild.read.1.tlog
e:\benutzer\manuel\onedrive\programmieren\qt\qtapp\qtapp\debug\qtapp.tlog\custombuild.write.1.tlog
e:\benutzer\manuel\onedrive\programmieren\qt\qtapp\qtapp\debug\qtapp.tlog\link.command.1.tlog
e:\benutzer\manuel\onedrive\programmieren\qt\qtapp\qtapp\debug\qtapp.tlog\link.read.1.tlog
e:\benutzer\manuel\onedrive\programmieren\qt\qtapp\qtapp\debug\qtapp.tlog\link.write.1.tlog
