c:\users\adr\dev\minilockcpp\qtapp\qtapp\release\qrc_qtapp.obj
c:\users\adr\dev\minilockcpp\qtapp\qtapp\release\qtapp.obj
c:\users\adr\dev\minilockcpp\qtapp\qtapp\release\main.obj
c:\users\adr\dev\minilockcpp\qtapp\qtapp\release\moc_qtapp.obj
c:\users\adr\dev\minilockcpp\qtapp\qtapp\generatedfiles\release\moc_qtapp.cpp
c:\users\adr\dev\minilockcpp\qtapp\qtapp\generatedfiles\ui_qtapp.h
c:\users\adr\dev\minilockcpp\qtapp\qtapp\generatedfiles\qrc_qtapp.cpp
c:\users\adr\dev\minilockcpp\qtapp\win32\release\qtapp.exe
e:\benutzer\manuel\onedrive\programmieren\qt\qtapp\qtapp\release\main.obj
e:\benutzer\manuel\onedrive\programmieren\qt\qtapp\qtapp\release\moc_qtapp.obj
e:\benutzer\manuel\onedrive\programmieren\qt\qtapp\qtapp\release\qrc_qtapp.obj
e:\benutzer\manuel\onedrive\programmieren\qt\qtapp\qtapp\release\qtapp.obj
e:\benutzer\manuel\onedrive\programmieren\qt\qtapp\win32\release\qtapp.exe
e:\benutzer\manuel\onedrive\programmieren\qt\qtapp\qtapp\release\qtapp.tlog\cl.command.1.tlog
e:\benutzer\manuel\onedrive\programmieren\qt\qtapp\qtapp\release\qtapp.tlog\cl.read.1.tlog
e:\benutzer\manuel\onedrive\programmieren\qt\qtapp\qtapp\release\qtapp.tlog\cl.write.1.tlog
e:\benutzer\manuel\onedrive\programmieren\qt\qtapp\qtapp\release\qtapp.tlog\custombuild.command.1.tlog
e:\benutzer\manuel\onedrive\programmieren\qt\qtapp\qtapp\release\qtapp.tlog\custombuild.read.1.tlog
e:\benutzer\manuel\onedrive\programmieren\qt\qtapp\qtapp\release\qtapp.tlog\custombuild.write.1.tlog
e:\benutzer\manuel\onedrive\programmieren\qt\qtapp\qtapp\release\qtapp.tlog\link.command.1.tlog
e:\benutzer\manuel\onedrive\programmieren\qt\qtapp\qtapp\release\qtapp.tlog\link.read.1.tlog
e:\benutzer\manuel\onedrive\programmieren\qt\qtapp\qtapp\release\qtapp.tlog\link.write.1.tlog
